<?xml version="1.0" encoding="UTF-8"?>
<coverage generated="1634672913871" clover="3.2.0">
  <project timestamp="1634672913871" name="All files">
    <metrics statements="95" coveredstatements="66" conditionals="17" coveredconditionals="5" methods="18" coveredmethods="13" elements="130" coveredelements="84" complexity="0" loc="95" ncloc="95" packages="4" files="8" classes="8"/>
    <package name="config">
      <metrics statements="11" coveredstatements="9" conditionals="3" coveredconditionals="1" methods="3" coveredmethods="2"/>
      <file name="config.ts" path="C:\Users\TheRig\OneDrive\Documents\Web development projects\discord-youtube-bot-2\src\config\config.ts">
        <metrics statements="11" coveredstatements="9" conditionals="3" coveredconditionals="1" methods="3" coveredmethods="2"/>
        <line num="1" count="2" type="stmt"/>
        <line num="2" count="2" type="stmt"/>
        <line num="4" count="2" type="stmt"/>
        <line num="10" count="2" type="stmt"/>
        <line num="22" count="2" type="cond" truecount="1" falsecount="2"/>
        <line num="24" count="0" type="stmt"/>
        <line num="26" count="0" type="stmt"/>
        <line num="28" count="2" type="stmt"/>
        <line num="36" count="2" type="stmt"/>
        <line num="37" count="2" type="stmt"/>
        <line num="38" count="18" type="stmt"/>
      </file>
    </package>
    <package name="config.modules">
      <metrics statements="11" coveredstatements="11" conditionals="0" coveredconditionals="0" methods="4" coveredmethods="4"/>
      <file name="commands.ts" path="C:\Users\TheRig\OneDrive\Documents\Web development projects\discord-youtube-bot-2\src\config\modules\commands.ts">
        <metrics statements="6" coveredstatements="6" conditionals="0" coveredconditionals="0" methods="4" coveredmethods="4"/>
        <line num="1" count="2" type="stmt"/>
        <line num="3" count="2" type="stmt"/>
        <line num="7" count="2" type="stmt"/>
        <line num="15" count="2" type="stmt"/>
        <line num="21" count="2" type="stmt"/>
        <line num="25" count="20" type="stmt"/>
      </file>
      <file name="globals.ts" path="C:\Users\TheRig\OneDrive\Documents\Web development projects\discord-youtube-bot-2\src\config\modules\globals.ts">
        <metrics statements="5" coveredstatements="5" conditionals="0" coveredconditionals="0" methods="0" coveredmethods="0"/>
        <line num="1" count="2" type="stmt"/>
        <line num="3" count="2" type="stmt"/>
        <line num="5" count="2" type="stmt"/>
        <line num="11" count="2" type="stmt"/>
        <line num="23" count="2" type="stmt"/>
      </file>
    </package>
    <package name="functions">
      <metrics statements="4" coveredstatements="4" conditionals="0" coveredconditionals="0" methods="4" coveredmethods="2"/>
      <file name="index.ts" path="C:\Users\TheRig\OneDrive\Documents\Web development projects\discord-youtube-bot-2\src\functions\index.ts">
        <metrics statements="4" coveredstatements="4" conditionals="0" coveredconditionals="0" methods="4" coveredmethods="2"/>
        <line num="1" count="2" type="stmt"/>
        <line num="2" count="6" type="stmt"/>
        <line num="3" count="20" type="stmt"/>
        <line num="4" count="2" type="stmt"/>
      </file>
    </package>
    <package name="functions.modules">
      <metrics statements="69" coveredstatements="42" conditionals="14" coveredconditionals="4" methods="7" coveredmethods="5"/>
      <file name="downloadYouTubeVideo.ts" path="C:\Users\TheRig\OneDrive\Documents\Web development projects\discord-youtube-bot-2\src\functions\modules\downloadYouTubeVideo.ts">
        <metrics statements="10" coveredstatements="3" conditionals="1" coveredconditionals="0" methods="1" coveredmethods="0"/>
        <line num="1" count="2" type="stmt"/>
        <line num="2" count="2" type="stmt"/>
        <line num="4" count="2" type="stmt"/>
        <line num="5" count="0" type="stmt"/>
        <line num="6" count="0" type="cond" truecount="0" falsecount="1"/>
        <line num="7" count="0" type="stmt"/>
        <line num="8" count="0" type="stmt"/>
        <line num="9" count="0" type="stmt"/>
        <line num="11" count="0" type="stmt"/>
        <line num="12" count="0" type="stmt"/>
      </file>
      <file name="findYouTubeUrls.ts" path="C:\Users\TheRig\OneDrive\Documents\Web development projects\discord-youtube-bot-2\src\functions\modules\findYouTubeUrls.ts">
        <metrics statements="20" coveredstatements="15" conditionals="3" coveredconditionals="1" methods="4" coveredmethods="4"/>
        <line num="2" count="2" type="stmt"/>
        <line num="7" count="2" type="stmt"/>
        <line num="8" count="4" type="stmt"/>
        <line num="9" count="4" type="stmt"/>
        <line num="10" count="4" type="stmt"/>
        <line num="17" count="4" type="stmt"/>
        <line num="18" count="4" type="cond" truecount="0" falsecount="1"/>
        <line num="19" count="0" type="stmt"/>
        <line num="20" count="0" type="stmt"/>
        <line num="21" count="0" type="stmt"/>
        <line num="24" count="4" type="stmt"/>
        <line num="26" count="15" type="stmt"/>
        <line num="27" count="15" type="cond" truecount="0" falsecount="1"/>
        <line num="28" count="15" type="stmt"/>
        <line num="32" count="4" type="cond" truecount="1" falsecount="0"/>
        <line num="33" count="1" type="stmt"/>
        <line num="34" count="1" type="stmt"/>
        <line num="37" count="3" type="stmt"/>
        <line num="40" count="0" type="stmt"/>
        <line num="41" count="0" type="stmt"/>
      </file>
      <file name="getVideoDetails.ts" path="C:\Users\TheRig\OneDrive\Documents\Web development projects\discord-youtube-bot-2\src\functions\modules\getVideoDetails.ts">
        <metrics statements="25" coveredstatements="21" conditionals="4" coveredconditionals="3" methods="1" coveredmethods="1"/>
        <line num="1" count="2" type="stmt"/>
        <line num="2" count="2" type="stmt"/>
        <line num="3" count="2" type="stmt"/>
        <line num="5" count="2" type="stmt"/>
        <line num="7" count="2" type="stmt"/>
        <line num="8" count="2" type="stmt"/>
        <line num="9" count="2" type="stmt"/>
        <line num="18" count="2" type="stmt"/>
        <line num="19" count="18" type="stmt"/>
        <line num="20" count="18" type="stmt"/>
        <line num="21" count="12" type="cond" truecount="0" falsecount="1"/>
        <line num="22" count="12" type="stmt"/>
        <line num="23" count="12" type="stmt"/>
        <line num="25" count="12" type="cond" truecount="2" falsecount="0"/>
        <line num="26" count="6" type="stmt"/>
        <line num="27" count="6" type="stmt"/>
        <line num="29" count="6" type="cond" truecount="1" falsecount="0"/>
        <line num="30" count="4" type="stmt"/>
        <line num="31" count="4" type="stmt"/>
        <line num="32" count="0" type="stmt"/>
        <line num="33" count="0" type="stmt"/>
        <line num="35" count="0" type="stmt"/>
        <line num="36" count="0" type="stmt"/>
        <line num="39" count="10" type="stmt"/>
        <line num="40" count="10" type="stmt"/>
      </file>
      <file name="safeJoinVoiceChannel.ts" path="C:\Users\TheRig\OneDrive\Documents\Web development projects\discord-youtube-bot-2\src\functions\modules\safeJoinVoiceChannel.ts">
        <metrics statements="14" coveredstatements="3" conditionals="6" coveredconditionals="0" methods="1" coveredmethods="0"/>
        <line num="1" count="2" type="stmt"/>
        <line num="2" count="2" type="stmt"/>
        <line num="8" count="2" type="stmt"/>
        <line num="9" count="0" type="cond" truecount="0" falsecount="1"/>
        <line num="10" count="0" type="stmt"/>
        <line num="13" count="0" type="cond" truecount="0" falsecount="3"/>
        <line num="14" count="0" type="stmt"/>
        <line num="17" count="0" type="stmt"/>
        <line num="18" count="0" type="cond" truecount="0" falsecount="1"/>
        <line num="19" count="0" type="stmt"/>
        <line num="21" count="0" type="cond" truecount="0" falsecount="1"/>
        <line num="22" count="0" type="stmt"/>
        <line num="25" count="0" type="stmt"/>
        <line num="31" count="0" type="stmt"/>
      </file>
    </package>
  </project>
</coverage>
