{"C:\\Users\\TheRig\\OneDrive\\Documents\\Web development projects\\discord-youtube-bot-2\\src\\config\\config.ts": {"path":"C:\\Users\\TheRig\\OneDrive\\Documents\\Web development projects\\discord-youtube-bot-2\\src\\config\\config.ts","statementMap":{"0":{"start":{"line":1,"column":0},"end":{"line":1,"column":37}},"1":{"start":{"line":2,"column":0},"end":{"line":2,"column":39}},"2":{"start":{"line":4,"column":0},"end":{"line":4,"column":6}},"3":{"start":{"line":10,"column":15},"end":{"line":34,"column":2}},"4":{"start":{"line":22,"column":2},"end":{"line":29,"column":null}},"5":{"start":{"line":24,"column":4},"end":{"line":24,"column":19}},"6":{"start":{"line":26,"column":4},"end":{"line":26,"column":23}},"7":{"start":{"line":28,"column":4},"end":{"line":28,"column":23}},"8":{"start":{"line":36,"column":0},"end":{"line":36,"column":22}},"9":{"start":{"line":37,"column":0},"end":{"line":37,"column":9}},"10":{"start":{"line":37,"column":9},"end":{"line":37,"column":28}},"11":{"start":{"line":38,"column":0},"end":{"line":38,"column":9}},"12":{"start":{"line":38,"column":9},"end":{"line":38,"column":27}}},"fnMap":{"0":{"name":"(anonymous_1)","decl":{"start":{"line":21,"column":13},"end":{"line":21,"column":16}},"loc":{"start":{"line":21,"column":18},"end":{"line":30,"column":2}}},"1":{"name":"(anonymous_2)","decl":{"start":{"line":37,"column":9},"end":{"line":37,"column":16}},"loc":{"start":{"line":37,"column":9},"end":{"line":37,"column":28}}},"2":{"name":"(anonymous_3)","decl":{"start":{"line":38,"column":9},"end":{"line":38,"column":16}},"loc":{"start":{"line":38,"column":9},"end":{"line":38,"column":27}}}},"branchMap":{"0":{"loc":{"start":{"line":22,"column":2},"end":{"line":29,"column":null}},"type":"switch","locations":[{"start":{"line":23,"column":3},"end":{"line":24,"column":19}},{"start":{"line":25,"column":3},"end":{"line":26,"column":23}},{"start":{"line":27,"column":3},"end":{"line":28,"column":23}}]}},"s":{"0":2,"1":2,"2":2,"3":2,"4":2,"5":0,"6":0,"7":2,"8":2,"9":2,"10":2,"11":2,"12":18},"f":{"0":2,"1":0,"2":16},"b":{"0":[0,0,2]}}
,"C:\\Users\\TheRig\\OneDrive\\Documents\\Web development projects\\discord-youtube-bot-2\\src\\config\\modules\\commands.ts": {"path":"C:\\Users\\TheRig\\OneDrive\\Documents\\Web development projects\\discord-youtube-bot-2\\src\\config\\modules\\commands.ts","statementMap":{"0":{"start":{"line":1,"column":0},"end":{"line":1,"column":58}},"1":{"start":{"line":3,"column":17},"end":{"line":23,"column":2}},"2":{"start":{"line":7,"column":29},"end":{"line":7,"column":117}},"3":{"start":{"line":15,"column":29},"end":{"line":15,"column":117}},"4":{"start":{"line":21,"column":29},"end":{"line":21,"column":135}},"5":{"start":{"line":25,"column":0},"end":{"line":25,"column":57}},"6":{"start":{"line":25,"column":39},"end":{"line":25,"column":55}}},"fnMap":{"0":{"name":"(anonymous_0)","decl":{"start":{"line":7,"column":19},"end":{"line":7,"column":25}},"loc":{"start":{"line":7,"column":29},"end":{"line":7,"column":117}}},"1":{"name":"(anonymous_1)","decl":{"start":{"line":15,"column":19},"end":{"line":15,"column":25}},"loc":{"start":{"line":15,"column":29},"end":{"line":15,"column":117}}},"2":{"name":"(anonymous_2)","decl":{"start":{"line":21,"column":19},"end":{"line":21,"column":25}},"loc":{"start":{"line":21,"column":29},"end":{"line":21,"column":135}}},"3":{"name":"(anonymous_3)","decl":{"start":{"line":25,"column":28},"end":{"line":25,"column":35}},"loc":{"start":{"line":25,"column":39},"end":{"line":25,"column":55}}}},"branchMap":{},"s":{"0":2,"1":2,"2":2,"3":2,"4":2,"5":2,"6":20},"f":{"0":2,"1":2,"2":2,"3":20},"b":{}}
,"C:\\Users\\TheRig\\OneDrive\\Documents\\Web development projects\\discord-youtube-bot-2\\src\\config\\modules\\globals.ts": {"path":"C:\\Users\\TheRig\\OneDrive\\Documents\\Web development projects\\discord-youtube-bot-2\\src\\config\\modules\\globals.ts","statementMap":{"0":{"start":{"line":1,"column":0},"end":{"line":1,"column":46}},"1":{"start":{"line":3,"column":0},"end":{"line":3,"column":32}},"2":{"start":{"line":5,"column":0},"end":{"line":5,"column":26}},"3":{"start":{"line":11,"column":16},"end":{"line":21,"column":2}},"4":{"start":{"line":23,"column":0},"end":{"line":23,"column":23}}},"fnMap":{},"branchMap":{},"s":{"0":2,"1":2,"2":2,"3":2,"4":2},"f":{},"b":{}}
,"C:\\Users\\TheRig\\OneDrive\\Documents\\Web development projects\\discord-youtube-bot-2\\src\\functions\\index.ts": {"path":"C:\\Users\\TheRig\\OneDrive\\Documents\\Web development projects\\discord-youtube-bot-2\\src\\functions\\index.ts","statementMap":{"0":{"start":{"line":1,"column":0},"end":{"line":1,"column":9}},"1":{"start":{"line":1,"column":9},"end":{"line":1,"column":40}},"2":{"start":{"line":2,"column":0},"end":{"line":2,"column":9}},"3":{"start":{"line":2,"column":9},"end":{"line":2,"column":35}},"4":{"start":{"line":3,"column":0},"end":{"line":3,"column":9}},"5":{"start":{"line":3,"column":9},"end":{"line":3,"column":35}},"6":{"start":{"line":4,"column":0},"end":{"line":4,"column":9}},"7":{"start":{"line":4,"column":9},"end":{"line":4,"column":40}}},"fnMap":{"0":{"name":"(anonymous_1)","decl":{"start":{"line":1,"column":9},"end":{"line":1,"column":16}},"loc":{"start":{"line":1,"column":9},"end":{"line":1,"column":40}}},"1":{"name":"(anonymous_2)","decl":{"start":{"line":2,"column":9},"end":{"line":2,"column":16}},"loc":{"start":{"line":2,"column":9},"end":{"line":2,"column":35}}},"2":{"name":"(anonymous_3)","decl":{"start":{"line":3,"column":9},"end":{"line":3,"column":16}},"loc":{"start":{"line":3,"column":9},"end":{"line":3,"column":35}}},"3":{"name":"(anonymous_4)","decl":{"start":{"line":4,"column":9},"end":{"line":4,"column":16}},"loc":{"start":{"line":4,"column":9},"end":{"line":4,"column":40}}}},"branchMap":{},"s":{"0":2,"1":2,"2":2,"3":6,"4":2,"5":20,"6":2,"7":2},"f":{"0":0,"1":4,"2":18,"3":0},"b":{}}
,"C:\\Users\\TheRig\\OneDrive\\Documents\\Web development projects\\discord-youtube-bot-2\\src\\functions\\modules\\downloadYouTubeVideo.ts": {"path":"C:\\Users\\TheRig\\OneDrive\\Documents\\Web development projects\\discord-youtube-bot-2\\src\\functions\\modules\\downloadYouTubeVideo.ts","statementMap":{"0":{"start":{"line":1,"column":0},"end":{"line":1,"column":55}},"1":{"start":{"line":2,"column":0},"end":{"line":2,"column":37}},"2":{"start":{"line":5,"column":1},"end":{"line":13,"column":null}},"3":{"start":{"line":6,"column":2},"end":{"line":6,"column":42}},"4":{"start":{"line":6,"column":30},"end":{"line":6,"column":42}},"5":{"start":{"line":7,"column":25},"end":{"line":7,"column":65}},"6":{"start":{"line":8,"column":24},"end":{"line":8,"column":59}},"7":{"start":{"line":9,"column":2},"end":{"line":9,"column":23}},"8":{"start":{"line":11,"column":2},"end":{"line":11,"column":23}},"9":{"start":{"line":12,"column":2},"end":{"line":12,"column":14}},"10":{"start":{"line":4,"column":0},"end":{"line":4,"column":15}}},"fnMap":{"0":{"name":"downloadYtVideo","decl":{"start":{"line":4,"column":30},"end":{"line":4,"column":45}},"loc":{"start":{"line":4,"column":57},"end":{"line":14,"column":1}}}},"branchMap":{"0":{"loc":{"start":{"line":6,"column":2},"end":{"line":6,"column":42}},"type":"if","locations":[{"start":{"line":6,"column":2},"end":{"line":6,"column":42}}]}},"s":{"0":2,"1":2,"2":0,"3":0,"4":0,"5":0,"6":0,"7":0,"8":0,"9":0,"10":2},"f":{"0":0},"b":{"0":[0]}}
,"C:\\Users\\TheRig\\OneDrive\\Documents\\Web development projects\\discord-youtube-bot-2\\src\\functions\\modules\\findYouTubeUrls.ts": {"path":"C:\\Users\\TheRig\\OneDrive\\Documents\\Web development projects\\discord-youtube-bot-2\\src\\functions\\modules\\findYouTubeUrls.ts","statementMap":{"0":{"start":{"line":2,"column":0},"end":{"line":2,"column":45}},"1":{"start":{"line":8,"column":1},"end":{"line":43,"column":4}},"2":{"start":{"line":9,"column":2},"end":{"line":42,"column":null}},"3":{"start":{"line":10,"column":58},"end":{"line":15,"column":5}},"4":{"start":{"line":17,"column":3},"end":{"line":38,"column":6}},"5":{"start":{"line":18,"column":4},"end":{"line":22,"column":null}},"6":{"start":{"line":19,"column":5},"end":{"line":19,"column":17}},"7":{"start":{"line":20,"column":5},"end":{"line":20,"column":26}},"8":{"start":{"line":21,"column":5},"end":{"line":21,"column":12}},"9":{"start":{"line":24,"column":17},"end":{"line":30,"column":45}},"10":{"start":{"line":26,"column":17},"end":{"line":26,"column":35}},"11":{"start":{"line":27,"column":6},"end":{"line":27,"column":27}},"12":{"start":{"line":27,"column":15},"end":{"line":27,"column":27}},"13":{"start":{"line":28,"column":6},"end":{"line":28,"column":53}},"14":{"start":{"line":32,"column":4},"end":{"line":35,"column":null}},"15":{"start":{"line":33,"column":5},"end":{"line":33,"column":17}},"16":{"start":{"line":34,"column":5},"end":{"line":34,"column":12}},"17":{"start":{"line":37,"column":4},"end":{"line":37,"column":18}},"18":{"start":{"line":40,"column":3},"end":{"line":40,"column":24}},"19":{"start":{"line":41,"column":3},"end":{"line":41,"column":22}},"20":{"start":{"line":7,"column":0},"end":{"line":7,"column":24}}},"fnMap":{"0":{"name":"findYouTubeUrls","decl":{"start":{"line":7,"column":24},"end":{"line":7,"column":39}},"loc":{"start":{"line":7,"column":53},"end":{"line":44,"column":1}}},"1":{"name":"(anonymous_7)","decl":{"start":{"line":8,"column":35},"end":{"line":8,"column":40}},"loc":{"start":{"line":8,"column":51},"end":{"line":43,"column":2}}},"2":{"name":"(anonymous_8)","decl":{"start":{"line":17,"column":42},"end":{"line":17,"column":43}},"loc":{"start":{"line":17,"column":58},"end":{"line":38,"column":4}}},"3":{"name":"(anonymous_9)","decl":{"start":{"line":25,"column":11},"end":{"line":25,"column":16}},"loc":{"start":{"line":25,"column":19},"end":{"line":29,"column":6}}}},"branchMap":{"0":{"loc":{"start":{"line":18,"column":4},"end":{"line":22,"column":null}},"type":"if","locations":[{"start":{"line":18,"column":4},"end":{"line":22,"column":null}}]},"1":{"loc":{"start":{"line":27,"column":6},"end":{"line":27,"column":27}},"type":"if","locations":[{"start":{"line":27,"column":6},"end":{"line":27,"column":27}}]},"2":{"loc":{"start":{"line":32,"column":4},"end":{"line":35,"column":null}},"type":"if","locations":[{"start":{"line":32,"column":4},"end":{"line":35,"column":null}}]}},"s":{"0":2,"1":4,"2":4,"3":4,"4":4,"5":4,"6":0,"7":0,"8":0,"9":4,"10":15,"11":15,"12":0,"13":15,"14":4,"15":1,"16":1,"17":3,"18":0,"19":0,"20":2},"f":{"0":4,"1":4,"2":4,"3":15},"b":{"0":[0],"1":[0],"2":[1]}}
,"C:\\Users\\TheRig\\OneDrive\\Documents\\Web development projects\\discord-youtube-bot-2\\src\\functions\\modules\\getVideoDetails.ts": {"path":"C:\\Users\\TheRig\\OneDrive\\Documents\\Web development projects\\discord-youtube-bot-2\\src\\functions\\modules\\getVideoDetails.ts","statementMap":{"0":{"start":{"line":1,"column":0},"end":{"line":1,"column":45}},"1":{"start":{"line":2,"column":0},"end":{"line":2,"column":33}},"2":{"start":{"line":3,"column":0},"end":{"line":3,"column":37}},"3":{"start":{"line":5,"column":23},"end":{"line":5,"column":62}},"4":{"start":{"line":7,"column":12},"end":{"line":7,"column":72}},"5":{"start":{"line":8,"column":12},"end":{"line":8,"column":72}},"6":{"start":{"line":9,"column":15},"end":{"line":9,"column":78}},"7":{"start":{"line":19,"column":1},"end":{"line":41,"column":null}},"8":{"start":{"line":20,"column":18},"end":{"line":20,"column":38}},"9":{"start":{"line":21,"column":2},"end":{"line":21,"column":28}},"10":{"start":{"line":21,"column":16},"end":{"line":21,"column":28}},"11":{"start":{"line":22,"column":20},"end":{"line":22,"column":50}},"12":{"start":{"line":23,"column":22},"end":{"line":23,"column":42}},"13":{"start":{"line":25,"column":2},"end":{"line":37,"column":null}},"14":{"start":{"line":26,"column":3},"end":{"line":26,"column":67}},"15":{"start":{"line":27,"column":3},"end":{"line":27,"column":34}},"16":{"start":{"line":29,"column":3},"end":{"line":29,"column":43}},"17":{"start":{"line":29,"column":31},"end":{"line":29,"column":43}},"18":{"start":{"line":30,"column":3},"end":{"line":30,"column":81}},"19":{"start":{"line":31,"column":19},"end":{"line":31,"column":47}},"20":{"start":{"line":32,"column":16},"end":{"line":32,"column":39}},"21":{"start":{"line":33,"column":3},"end":{"line":33,"column":30}},"22":{"start":{"line":35,"column":3},"end":{"line":35,"column":59}},"23":{"start":{"line":36,"column":3},"end":{"line":36,"column":18}},"24":{"start":{"line":39,"column":2},"end":{"line":39,"column":23}},"25":{"start":{"line":40,"column":2},"end":{"line":40,"column":14}},"26":{"start":{"line":18,"column":0},"end":{"line":18,"column":15}}},"fnMap":{"0":{"name":"getVideoDetails","decl":{"start":{"line":18,"column":30},"end":{"line":18,"column":45}},"loc":{"start":{"line":18,"column":57},"end":{"line":42,"column":1}}}},"branchMap":{"0":{"loc":{"start":{"line":21,"column":2},"end":{"line":21,"column":28}},"type":"if","locations":[{"start":{"line":21,"column":2},"end":{"line":21,"column":28}}]},"1":{"loc":{"start":{"line":25,"column":2},"end":{"line":37,"column":null}},"type":"if","locations":[{"start":{"line":25,"column":2},"end":{"line":37,"column":null}},{"start":{"line":28,"column":9},"end":{"line":37,"column":null}}]},"2":{"loc":{"start":{"line":29,"column":3},"end":{"line":29,"column":43}},"type":"if","locations":[{"start":{"line":29,"column":3},"end":{"line":29,"column":43}}]}},"s":{"0":2,"1":2,"2":2,"3":2,"4":2,"5":2,"6":2,"7":18,"8":18,"9":12,"10":0,"11":12,"12":12,"13":12,"14":6,"15":6,"16":6,"17":2,"18":4,"19":4,"20":0,"21":0,"22":0,"23":0,"24":10,"25":10,"26":2},"f":{"0":18},"b":{"0":[0],"1":[6,6],"2":[2]}}
,"C:\\Users\\TheRig\\OneDrive\\Documents\\Web development projects\\discord-youtube-bot-2\\src\\functions\\modules\\safeJoinVoiceChannel.ts": {"path":"C:\\Users\\TheRig\\OneDrive\\Documents\\Web development projects\\discord-youtube-bot-2\\src\\functions\\modules\\safeJoinVoiceChannel.ts","statementMap":{"0":{"start":{"line":1,"column":0},"end":{"line":1,"column":102}},"1":{"start":{"line":2,"column":0},"end":{"line":2,"column":54}},"2":{"start":{"line":9,"column":1},"end":{"line":11,"column":null}},"3":{"start":{"line":10,"column":2},"end":{"line":10,"column":84}},"4":{"start":{"line":13,"column":1},"end":{"line":15,"column":null}},"5":{"start":{"line":14,"column":2},"end":{"line":14,"column":120}},"6":{"start":{"line":17,"column":34},"end":{"line":17,"column":74}},"7":{"start":{"line":18,"column":1},"end":{"line":18,"column":63}},"8":{"start":{"line":18,"column":31},"end":{"line":18,"column":63}},"9":{"start":{"line":19,"column":24},"end":{"line":19,"column":61}},"10":{"start":{"line":21,"column":1},"end":{"line":23,"column":null}},"11":{"start":{"line":22,"column":2},"end":{"line":22,"column":127}},"12":{"start":{"line":25,"column":27},"end":{"line":29,"column":3}},"13":{"start":{"line":31,"column":1},"end":{"line":31,"column":44}},"14":{"start":{"line":8,"column":0},"end":{"line":8,"column":24}}},"fnMap":{"0":{"name":"resolveConnection","decl":{"start":{"line":8,"column":24},"end":{"line":8,"column":41}},"loc":{"start":{"line":8,"column":66},"end":{"line":32,"column":1}}}},"branchMap":{"0":{"loc":{"start":{"line":9,"column":1},"end":{"line":11,"column":null}},"type":"if","locations":[{"start":{"line":9,"column":1},"end":{"line":11,"column":null}}]},"1":{"loc":{"start":{"line":13,"column":1},"end":{"line":15,"column":null}},"type":"if","locations":[{"start":{"line":13,"column":1},"end":{"line":15,"column":null}}]},"2":{"loc":{"start":{"line":13,"column":5},"end":{"line":13,"column":64}},"type":"binary-expr","locations":[{"start":{"line":13,"column":5},"end":{"line":13,"column":24}},{"start":{"line":13,"column":28},"end":{"line":13,"column":64}}]},"3":{"loc":{"start":{"line":18,"column":1},"end":{"line":18,"column":63}},"type":"if","locations":[{"start":{"line":18,"column":1},"end":{"line":18,"column":63}}]},"4":{"loc":{"start":{"line":21,"column":1},"end":{"line":23,"column":null}},"type":"if","locations":[{"start":{"line":21,"column":1},"end":{"line":23,"column":null}}]}},"s":{"0":2,"1":2,"2":0,"3":0,"4":0,"5":0,"6":0,"7":0,"8":0,"9":0,"10":0,"11":0,"12":0,"13":0,"14":2},"f":{"0":0},"b":{"0":[0],"1":[0],"2":[0,0],"3":[0],"4":[0]}}
}
