TN:
SF:src\config\config.ts
FN:21,(anonymous_1)
FN:37,(anonymous_2)
FN:38,(anonymous_3)
FNF:3
FNH:2
FNDA:2,(anonymous_1)
FNDA:0,(anonymous_2)
FNDA:16,(anonymous_3)
DA:1,2
DA:2,2
DA:4,2
DA:10,2
DA:22,2
DA:24,0
DA:26,0
DA:28,2
DA:36,2
DA:37,2
DA:38,18
LF:11
LH:9
BRDA:22,0,0,0
BRDA:22,0,1,0
BRDA:22,0,2,2
BRF:3
BRH:1
end_of_record
TN:
SF:src\config\modules\commands.ts
FN:7,(anonymous_0)
FN:15,(anonymous_1)
FN:21,(anonymous_2)
FN:25,(anonymous_3)
FNF:4
FNH:4
FNDA:2,(anonymous_0)
FNDA:2,(anonymous_1)
FNDA:2,(anonymous_2)
FNDA:20,(anonymous_3)
DA:1,2
DA:3,2
DA:7,2
DA:15,2
DA:21,2
DA:25,20
LF:6
LH:6
BRF:0
BRH:0
end_of_record
TN:
SF:src\config\modules\globals.ts
FNF:0
FNH:0
DA:1,2
DA:3,2
DA:5,2
DA:11,2
DA:23,2
LF:5
LH:5
BRF:0
BRH:0
end_of_record
TN:
SF:src\functions\index.ts
FN:1,(anonymous_1)
FN:2,(anonymous_2)
FN:3,(anonymous_3)
FN:4,(anonymous_4)
FNF:4
FNH:2
FNDA:0,(anonymous_1)
FNDA:4,(anonymous_2)
FNDA:18,(anonymous_3)
FNDA:0,(anonymous_4)
DA:1,2
DA:2,6
DA:3,20
DA:4,2
LF:4
LH:4
BRF:0
BRH:0
end_of_record
TN:
SF:src\functions\modules\downloadYouTubeVideo.ts
FN:4,downloadYtVideo
FNF:1
FNH:0
FNDA:0,downloadYtVideo
DA:1,2
DA:2,2
DA:4,2
DA:5,0
DA:6,0
DA:7,0
DA:8,0
DA:9,0
DA:11,0
DA:12,0
LF:10
LH:3
BRDA:6,0,0,0
BRF:1
BRH:0
end_of_record
TN:
SF:src\functions\modules\findYouTubeUrls.ts
FN:7,findYouTubeUrls
FN:8,(anonymous_7)
FN:17,(anonymous_8)
FN:25,(anonymous_9)
FNF:4
FNH:4
FNDA:4,findYouTubeUrls
FNDA:4,(anonymous_7)
FNDA:4,(anonymous_8)
FNDA:15,(anonymous_9)
DA:2,2
DA:7,2
DA:8,4
DA:9,4
DA:10,4
DA:17,4
DA:18,4
DA:19,0
DA:20,0
DA:21,0
DA:24,4
DA:26,15
DA:27,15
DA:28,15
DA:32,4
DA:33,1
DA:34,1
DA:37,3
DA:40,0
DA:41,0
LF:20
LH:15
BRDA:18,0,0,0
BRDA:27,1,0,0
BRDA:32,2,0,1
BRF:3
BRH:1
end_of_record
TN:
SF:src\functions\modules\getVideoDetails.ts
FN:18,getVideoDetails
FNF:1
FNH:1
FNDA:18,getVideoDetails
DA:1,2
DA:2,2
DA:3,2
DA:5,2
DA:7,2
DA:8,2
DA:9,2
DA:18,2
DA:19,18
DA:20,18
DA:21,12
DA:22,12
DA:23,12
DA:25,12
DA:26,6
DA:27,6
DA:29,6
DA:30,4
DA:31,4
DA:32,0
DA:33,0
DA:35,0
DA:36,0
DA:39,10
DA:40,10
LF:25
LH:21
BRDA:21,0,0,0
BRDA:25,1,0,6
BRDA:25,1,1,6
BRDA:29,2,0,2
BRF:4
BRH:3
end_of_record
TN:
SF:src\functions\modules\safeJoinVoiceChannel.ts
FN:8,resolveConnection
FNF:1
FNH:0
FNDA:0,resolveConnection
DA:1,2
DA:2,2
DA:8,2
DA:9,0
DA:10,0
DA:13,0
DA:14,0
DA:17,0
DA:18,0
DA:19,0
DA:21,0
DA:22,0
DA:25,0
DA:31,0
LF:14
LH:3
BRDA:9,0,0,0
BRDA:13,1,0,0
BRDA:13,2,0,0
BRDA:13,2,1,0
BRDA:18,3,0,0
BRDA:21,4,0,0
BRF:6
BRH:0
end_of_record
